<?xml version="1.0" encoding="UTF-8"?>
<testng-results ignored="0" total="1" passed="1" failed="0" skipped="0">
  <reporter-output>
  </reporter-output>
  <suite started-at="2025-08-15T00:02:53 WAT" name="Default suite" finished-at="2025-08-15T00:03:00 WAT" duration-ms="6698">
    <groups>
    </groups>
    <test started-at="2025-08-15T00:02:53 WAT" name="Default test" finished-at="2025-08-15T00:03:00 WAT" duration-ms="6698">
      <class name="automation30days.day1.FrameTest">
        <test-method is-config="true" signature="setUp()[pri:0, instance:automation30days.day1.FrameTest@28701274]" started-at="2025-08-15T00:02:53 WAT" name="setUp" finished-at="2025-08-15T00:02:59 WAT" duration-ms="5973" status="PASS">
          <reporter-output>
          </reporter-output>
        </test-method> <!-- setUp -->
        <test-method signature="frameTest()[pri:0, instance:automation30days.day1.FrameTest@28701274]" started-at="2025-08-15T00:02:59 WAT" name="frameTest" finished-at="2025-08-15T00:03:00 WAT" duration-ms="370" status="PASS">
          <reporter-output>
          </reporter-output>
        </test-method> <!-- frameTest -->
        <test-method is-config="true" signature="tearDown()[pri:0, instance:automation30days.day1.FrameTest@28701274]" started-at="2025-08-15T00:03:00 WAT" name="tearDown" finished-at="2025-08-15T00:03:00 WAT" duration-ms="279" status="PASS">
          <reporter-output>
          </reporter-output>
        </test-method> <!-- tearDown -->
      </class> <!-- automation30days.day1.FrameTest -->
    </test> <!-- Default test -->
  </suite> <!-- Default suite -->
</testng-results>
