<?xml version="1.0" encoding="UTF-8"?>
<testng-results ignored="0" total="2" passed="2" failed="0" skipped="0">
  <reporter-output>
  </reporter-output>
  <suite started-at="2025-08-17T12:22:05 WAT" name="Default suite" finished-at="2025-08-17T12:22:17 WAT" duration-ms="12686">
    <groups>
    </groups>
    <test started-at="2025-08-17T12:22:05 WAT" name="Default test" finished-at="2025-08-17T12:22:17 WAT" duration-ms="12686">
      <class name="automation30days.day1.FileUploadTest">
        <test-method is-config="true" signature="setUp()[pri:0, instance:automation30days.day1.FileUploadTest@477b4cdf]" started-at="2025-08-17T12:22:05 WAT" name="setUp" finished-at="2025-08-17T12:22:08 WAT" duration-ms="3464" status="PASS">
          <reporter-output>
          </reporter-output>
        </test-method> <!-- setUp -->
        <test-method signature="fileUploadTest()[pri:1, instance:automation30days.day1.FileUploadTest@477b4cdf]" started-at="2025-08-17T12:22:08 WAT" name="fileUploadTest" finished-at="2025-08-17T12:22:15 WAT" duration-ms="6939" status="PASS">
          <reporter-output>
          </reporter-output>
        </test-method> <!-- fileUploadTest -->
        <test-method signature="multipleUploadTest()[pri:2, instance:automation30days.day1.FileUploadTest@477b4cdf]" started-at="2025-08-17T12:22:15 WAT" name="multipleUploadTest" finished-at="2025-08-17T12:22:17 WAT" duration-ms="1884" status="PASS">
          <reporter-output>
          </reporter-output>
        </test-method> <!-- multipleUploadTest -->
        <test-method is-config="true" signature="tearDown()[pri:0, instance:automation30days.day1.FileUploadTest@477b4cdf]" started-at="2025-08-17T12:22:17 WAT" name="tearDown" finished-at="2025-08-17T12:22:17 WAT" duration-ms="319" status="PASS">
          <reporter-output>
          </reporter-output>
        </test-method> <!-- tearDown -->
      </class> <!-- automation30days.day1.FileUploadTest -->
    </test> <!-- Default test -->
  </suite> <!-- Default suite -->
</testng-results>
